  main.cpp
C:\Users\Kukandall\source\repos\openGlEngineStudents\OpenGL\ModelLoader.h(98,23): warning C4101: 'vector': unreferenced local variable
C:\Users\Kukandall\source\repos\openGlEngineStudents\OpenGL\SpaceGenerator.h(37,34): warning C4244: '=': conversion from 'int' to 'T', possible loss of data
          with
          [
              T=float
          ]
C:\Users\Kukandall\source\repos\openGlEngineStudents\OpenGL\SpaceGenerator.h(38,34): warning C4244: '=': conversion from 'int' to 'T', possible loss of data
          with
          [
              T=float
          ]
C:\Users\Kukandall\source\repos\openGlEngineStudents\OpenGL\SpaceGenerator.h(39,34): warning C4244: '=': conversion from 'int' to 'T', possible loss of data
          with
          [
              T=float
          ]
C:\Users\Kukandall\source\repos\openGlEngineStudents\OpenGL\SpaceGenerator.h(70,21): warning C4244: 'initializing': conversion from 'uint64_t' to 'uint32_t', possible loss of data
C:\Users\Kukandall\source\repos\openGlEngineStudents\OpenGL\SpaceGenerator.h(72,21): warning C4244: 'initializing': conversion from 'uint64_t' to 'uint32_t', possible loss of data
C:\Users\Kukandall\source\repos\openGlEngineStudents\OpenGL\SceneRealization.h(104,1): warning C4305: '+=': truncation from 'double' to 'float'
C:\Users\Kukandall\source\repos\openGlEngineStudents\OpenGL\SceneRealization.h(175,21): warning C4244: '=': conversion from 'double' to 'float', possible loss of data
C:\Users\Kukandall\source\repos\openGlEngineStudents\OpenGL\SceneRealization.h(176,21): warning C4244: '=': conversion from 'double' to 'float', possible loss of data
C:\Users\Kukandall\source\repos\openGlEngineStudents\OpenGL\SceneRealization.h(180,23): warning C4244: 'initializing': conversion from 'double' to 'float', possible loss of data
C:\Users\Kukandall\source\repos\openGlEngineStudents\OpenGL\SceneRealization.h(181,23): warning C4244: 'initializing': conversion from 'double' to 'float', possible loss of data
C:\Users\Kukandall\source\repos\openGlEngineStudents\OpenGL\SceneRealization.h(183,17): warning C4244: '=': conversion from 'double' to 'float', possible loss of data
C:\Users\Kukandall\source\repos\openGlEngineStudents\OpenGL\SceneRealization.h(184,17): warning C4244: '=': conversion from 'double' to 'float', possible loss of data
C:\Users\Kukandall\source\repos\openGlEngineStudents\OpenGL\SceneRealization.h(189,36): warning C4244: 'argument': conversion from 'double' to 'float', possible loss of data
C:\Users\Kukandall\source\repos\openGlEngineStudents\OpenGL\Game.h(97,32): warning C4244: 'argument': conversion from 'int' to 'float', possible loss of data
C:\Users\Kukandall\source\repos\openGlEngineStudents\OpenGL\Game.h(97,25): warning C4244: 'argument': conversion from 'int' to 'float', possible loss of data
C:\Users\Kukandall\source\repos\openGlEngineStudents\OpenGL\Game.h(118,28): warning C4244: 'initializing': conversion from 'double' to 'float', possible loss of data
  OpenGL.vcxproj -> C:\Users\Kukandall\source\repos\openGlEngineStudents\x64\Debug\OpenGL.exe
